<?xml version="1.0" encoding="UTF-8"?>
<testng-results ignored="0" total="1" passed="1" failed="0" skipped="0">
  <reporter-output>
  </reporter-output>
  <suite started-at="2021-11-14T07:11:38Z" name="Default suite" finished-at="2021-11-14T07:12:21Z" duration-ms="43058">
    <groups>
    </groups>
    <test started-at="2021-11-14T07:11:38Z" name="Default test" finished-at="2021-11-14T07:12:21Z" duration-ms="43058">
      <class name="testcases.SearchProduct">
        <test-method is-config="true" signature="beforeMethod()[pri:0, instance:testcases.SearchProduct@6892b3b6]" started-at="2021-11-14T14:11:38Z" name="beforeMethod" finished-at="2021-11-14T14:11:43Z" duration-ms="4604" status="PASS">
          <reporter-output>
          </reporter-output>
        </test-method> <!-- beforeMethod -->
        <test-method signature="SearchProductTest()[pri:0, instance:testcases.SearchProduct@6892b3b6]" started-at="2021-11-14T14:11:43Z" name="SearchProductTest" finished-at="2021-11-14T14:12:21Z" duration-ms="37956" status="PASS">
          <reporter-output>
          </reporter-output>
        </test-method> <!-- SearchProductTest -->
        <test-method is-config="true" signature="afterMethod()[pri:0, instance:testcases.SearchProduct@6892b3b6]" started-at="2021-11-14T14:12:21Z" name="afterMethod" finished-at="2021-11-14T14:12:21Z" duration-ms="478" status="PASS">
          <reporter-output>
          </reporter-output>
        </test-method> <!-- afterMethod -->
      </class> <!-- testcases.SearchProduct -->
    </test> <!-- Default test -->
  </suite> <!-- Default suite -->
</testng-results>
